{"uuid":"7dad67ae-8925-459f-b77f-da8b2286d699","historyId":"10033c086e1fca2627b075d8c5b0451a","testCaseId":"8606a6e026068a54098573a74a401870","fullName":"src/test/java/features/College1_Branch.feature:39","labels":[{"name":"host","value":"DineshManoharan"},{"name":"thread","value":"29068@DineshManoharan.main(1)"},{"name":"feature","value":"Branch Module"},{"name":"story","value":"Positive Scenario - Add two data simutaneously by using submit and add button."},{"name":"suite","value":"Branch Module"},{"name":"testClass","value":"Positive Scenario - Add two data simutaneously by using submit and add button."},{"name":"framework","value":"cucumber4jvm"},{"name":"language","value":"java"},{"name":"gherkin_uri","value":"file:///C:/Users/dinesh/eclipse-workspace/Colleges/src/test/java/features/College1_Branch.feature"},{"name":"package","value":"src.test.java.features.College1_Branch_feature.Branch Module"}],"links":[],"name":"Positive Scenario - Add two data simutaneously by using submit and add button.","status":"broken","statusDetails":{"known":false,"muted":false,"flaky":false,"message":"stale element reference: stale element not found in the current frame\n  (Session info: chrome=124.0.6367.61)\nFor documentation on this error, please visit: https://www.selenium.dev/documentation/webdriver/troubleshooting/errors#stale-element-reference-exception\nBuild info: version: '4.11.0', revision: '040bc5406b'\nSystem info: os.name: 'Windows 11', os.arch: 'amd64', os.version: '10.0', java.version: '19.0.1'\nDriver info: org.openqa.selenium.chrome.ChromeDriver\nCommand: [f556026a5996b2363f8140bb0913e400, clickElement {id=f.C0E64AD947F7FF20866C745F523CFD56.d.CD7FBF3D028BB7C7E9997D5F610F4B17.e.89}]\nCapabilities {acceptInsecureCerts: false, browserName: chrome, browserVersion: 124.0.6367.61, chrome: {chromedriverVersion: 124.0.6367.60 (8771130bd84f..., userDataDir: C:\\Users\\dinesh\\AppData\\Loc...}, fedcm:accounts: true, goog:chromeOptions: {debuggerAddress: localhost:50661}, networkConnectionEnabled: false, pageLoadStrategy: normal, platformName: windows, proxy: Proxy(), se:cdp: ws://localhost:50661/devtoo..., se:cdpVersion: 124.0.6367.61, setWindowRect: true, strictFileInteractability: false, timeouts: {implicit: 0, pageLoad: 300000, script: 30000}, unhandledPromptBehavior: dismiss and notify, webauthn:extension:credBlob: true, webauthn:extension:largeBlob: true, webauthn:extension:minPinLength: true, webauthn:extension:prf: true, webauthn:virtualAuthenticators: true}\nElement: [[ChromeDriver: chrome on windows (f556026a5996b2363f8140bb0913e400)] -> xpath: /html/body/div/div/div[1]/div[2]/div[2]/div/form/div[1]/label/span/div]\nSession ID: f556026a5996b2363f8140bb0913e400","trace":"org.openqa.selenium.StaleElementReferenceException: stale element reference: stale element not found in the current frame\n  (Session info: chrome=124.0.6367.61)\nFor documentation on this error, please visit: https://www.selenium.dev/documentation/webdriver/troubleshooting/errors#stale-element-reference-exception\nBuild info: version: '4.11.0', revision: '040bc5406b'\nSystem info: os.name: 'Windows 11', os.arch: 'amd64', os.version: '10.0', java.version: '19.0.1'\nDriver info: org.openqa.selenium.chrome.ChromeDriver\nCommand: [f556026a5996b2363f8140bb0913e400, clickElement {id=f.C0E64AD947F7FF20866C745F523CFD56.d.CD7FBF3D028BB7C7E9997D5F610F4B17.e.89}]\nCapabilities {acceptInsecureCerts: false, browserName: chrome, browserVersion: 124.0.6367.61, chrome: {chromedriverVersion: 124.0.6367.60 (8771130bd84f..., userDataDir: C:\\Users\\dinesh\\AppData\\Loc...}, fedcm:accounts: true, goog:chromeOptions: {debuggerAddress: localhost:50661}, networkConnectionEnabled: false, pageLoadStrategy: normal, platformName: windows, proxy: Proxy(), se:cdp: ws://localhost:50661/devtoo..., se:cdpVersion: 124.0.6367.61, setWindowRect: true, strictFileInteractability: false, timeouts: {implicit: 0, pageLoad: 300000, script: 30000}, unhandledPromptBehavior: dismiss and notify, webauthn:extension:credBlob: true, webauthn:extension:largeBlob: true, webauthn:extension:minPinLength: true, webauthn:extension:prf: true, webauthn:virtualAuthenticators: true}\nElement: [[ChromeDriver: chrome on windows (f556026a5996b2363f8140bb0913e400)] -> xpath: /html/body/div/div/div[1]/div[2]/div[2]/div/form/div[1]/label/span/div]\nSession ID: f556026a5996b2363f8140bb0913e400\r\n\tat java.base/jdk.internal.reflect.DirectConstructorHandleAccessor.newInstance(DirectConstructorHandleAccessor.java:67)\r\n\tat java.base/java.lang.reflect.Constructor.newInstanceWithCaller(Constructor.java:500)\r\n\tat java.base/java.lang.reflect.Constructor.newInstance(Constructor.java:484)\r\n\tat org.openqa.selenium.remote.codec.w3c.W3CHttpResponseCodec.createException(W3CHttpResponseCodec.java:200)\r\n\tat org.openqa.selenium.remote.codec.w3c.W3CHttpResponseCodec.decode(W3CHttpResponseCodec.java:133)\r\n\tat org.openqa.selenium.remote.codec.w3c.W3CHttpResponseCodec.decode(W3CHttpResponseCodec.java:52)\r\n\tat org.openqa.selenium.remote.HttpCommandExecutor.execute(HttpCommandExecutor.java:191)\r\n\tat org.openqa.selenium.remote.service.DriverCommandExecutor.invokeExecute(DriverCommandExecutor.java:196)\r\n\tat org.openqa.selenium.remote.service.DriverCommandExecutor.execute(DriverCommandExecutor.java:171)\r\n\tat org.openqa.selenium.remote.RemoteWebDriver.execute(RemoteWebDriver.java:518)\r\n\tat org.openqa.selenium.remote.RemoteWebElement.execute(RemoteWebElement.java:224)\r\n\tat org.openqa.selenium.remote.RemoteWebElement.click(RemoteWebElement.java:77)\r\n\tat Modules.BranchFields.uploadImage(BranchFields.java:49)\r\n\tat stepDefinitions.BranchModule.enter_the_all_credentials_like1(BranchModule.java:144)\r\n\tat ✽.Enter the all credentials like \"afdd\" \"gds231\" \"fda@gamil.com\" \"89900\" \"78789\" \"12345\" \"iuhj\" \"jbnn\" \"jhjk\" \"bnkm\" \"76778\" \"76889\"(file:///C:/Users/dinesh/eclipse-workspace/Colleges/src/test/java/features/College1_Branch.feature:33)\r\n"},"stage":"finished","steps":[{"name":"Given Once user enter the homepage click the branch menu.","status":"passed","statusDetails":{"known":false,"muted":false,"flaky":false},"stage":"finished","steps":[],"attachments":[],"parameters":[],"start":1713792209460,"stop":1713792210232},{"name":"hooks.SetUpAndTearDown.addScreenShot(io.cucumber.java.Scenario)","status":"passed","statusDetails":{"known":false,"muted":false,"flaky":false},"stage":"finished","steps":[],"attachments":[],"parameters":[],"start":1713792210232,"stop":1713792210232},{"name":"Given Click the add branch icon.","status":"passed","statusDetails":{"known":false,"muted":false,"flaky":false},"stage":"finished","steps":[],"attachments":[],"parameters":[],"start":1713792210232,"stop":1713792210535},{"name":"hooks.SetUpAndTearDown.addScreenShot(io.cucumber.java.Scenario)","status":"passed","statusDetails":{"known":false,"muted":false,"flaky":false},"stage":"finished","steps":[],"attachments":[],"parameters":[],"start":1713792210535,"stop":1713792210535},{"name":"When Enter the all credentials like \"afdd\" \"gds231\" \"fda@gamil.com\" \"89900\" \"78789\" \"12345\" \"iuhj\" \"jbnn\" \"jhjk\" \"bnkm\" \"76778\" \"76889\"","status":"passed","statusDetails":{"known":false,"muted":false,"flaky":false},"stage":"finished","steps":[],"attachments":[],"parameters":[],"start":1713792210535,"stop":1713792221630},{"name":"hooks.SetUpAndTearDown.addScreenShot(io.cucumber.java.Scenario)","status":"passed","statusDetails":{"known":false,"muted":false,"flaky":false},"stage":"finished","steps":[],"attachments":[],"parameters":[],"start":1713792221630,"stop":1713792221630},{"name":"And click submit and add icon","status":"passed","statusDetails":{"known":false,"muted":false,"flaky":false},"stage":"finished","steps":[],"attachments":[],"parameters":[],"start":1713792221630,"stop":1713792221732},{"name":"hooks.SetUpAndTearDown.addScreenShot(io.cucumber.java.Scenario)","status":"passed","statusDetails":{"known":false,"muted":false,"flaky":false},"stage":"finished","steps":[],"attachments":[],"parameters":[],"start":1713792221732,"stop":1713792221732},{"name":"Then Enter the all credentials like \"afdd\" \"gds231\" \"fda@gamil.com\" \"89900\" \"78789\" \"12345\" \"iuhj\" \"jbnn\" \"jhjk\" \"bnkm\" \"76778\" \"76889\"","status":"broken","statusDetails":{"known":false,"muted":false,"flaky":false,"message":"stale element reference: stale element not found in the current frame\n  (Session info: chrome=124.0.6367.61)\nFor documentation on this error, please visit: https://www.selenium.dev/documentation/webdriver/troubleshooting/errors#stale-element-reference-exception\nBuild info: version: '4.11.0', revision: '040bc5406b'\nSystem info: os.name: 'Windows 11', os.arch: 'amd64', os.version: '10.0', java.version: '19.0.1'\nDriver info: org.openqa.selenium.chrome.ChromeDriver\nCommand: [f556026a5996b2363f8140bb0913e400, clickElement {id=f.C0E64AD947F7FF20866C745F523CFD56.d.CD7FBF3D028BB7C7E9997D5F610F4B17.e.89}]\nCapabilities {acceptInsecureCerts: false, browserName: chrome, browserVersion: 124.0.6367.61, chrome: {chromedriverVersion: 124.0.6367.60 (8771130bd84f..., userDataDir: C:\\Users\\dinesh\\AppData\\Loc...}, fedcm:accounts: true, goog:chromeOptions: {debuggerAddress: localhost:50661}, networkConnectionEnabled: false, pageLoadStrategy: normal, platformName: windows, proxy: Proxy(), se:cdp: ws://localhost:50661/devtoo..., se:cdpVersion: 124.0.6367.61, setWindowRect: true, strictFileInteractability: false, timeouts: {implicit: 0, pageLoad: 300000, script: 30000}, unhandledPromptBehavior: dismiss and notify, webauthn:extension:credBlob: true, webauthn:extension:largeBlob: true, webauthn:extension:minPinLength: true, webauthn:extension:prf: true, webauthn:virtualAuthenticators: true}\nElement: [[ChromeDriver: chrome on windows (f556026a5996b2363f8140bb0913e400)] -> xpath: /html/body/div/div/div[1]/div[2]/div[2]/div/form/div[1]/label/span/div]\nSession ID: f556026a5996b2363f8140bb0913e400","trace":"org.openqa.selenium.StaleElementReferenceException: stale element reference: stale element not found in the current frame\n  (Session info: chrome=124.0.6367.61)\nFor documentation on this error, please visit: https://www.selenium.dev/documentation/webdriver/troubleshooting/errors#stale-element-reference-exception\nBuild info: version: '4.11.0', revision: '040bc5406b'\nSystem info: os.name: 'Windows 11', os.arch: 'amd64', os.version: '10.0', java.version: '19.0.1'\nDriver info: org.openqa.selenium.chrome.ChromeDriver\nCommand: [f556026a5996b2363f8140bb0913e400, clickElement {id=f.C0E64AD947F7FF20866C745F523CFD56.d.CD7FBF3D028BB7C7E9997D5F610F4B17.e.89}]\nCapabilities {acceptInsecureCerts: false, browserName: chrome, browserVersion: 124.0.6367.61, chrome: {chromedriverVersion: 124.0.6367.60 (8771130bd84f..., userDataDir: C:\\Users\\dinesh\\AppData\\Loc...}, fedcm:accounts: true, goog:chromeOptions: {debuggerAddress: localhost:50661}, networkConnectionEnabled: false, pageLoadStrategy: normal, platformName: windows, proxy: Proxy(), se:cdp: ws://localhost:50661/devtoo..., se:cdpVersion: 124.0.6367.61, setWindowRect: true, strictFileInteractability: false, timeouts: {implicit: 0, pageLoad: 300000, script: 30000}, unhandledPromptBehavior: dismiss and notify, webauthn:extension:credBlob: true, webauthn:extension:largeBlob: true, webauthn:extension:minPinLength: true, webauthn:extension:prf: true, webauthn:virtualAuthenticators: true}\nElement: [[ChromeDriver: chrome on windows (f556026a5996b2363f8140bb0913e400)] -> xpath: /html/body/div/div/div[1]/div[2]/div[2]/div/form/div[1]/label/span/div]\nSession ID: f556026a5996b2363f8140bb0913e400\r\n\tat java.base/jdk.internal.reflect.DirectConstructorHandleAccessor.newInstance(DirectConstructorHandleAccessor.java:67)\r\n\tat java.base/java.lang.reflect.Constructor.newInstanceWithCaller(Constructor.java:500)\r\n\tat java.base/java.lang.reflect.Constructor.newInstance(Constructor.java:484)\r\n\tat org.openqa.selenium.remote.codec.w3c.W3CHttpResponseCodec.createException(W3CHttpResponseCodec.java:200)\r\n\tat org.openqa.selenium.remote.codec.w3c.W3CHttpResponseCodec.decode(W3CHttpResponseCodec.java:133)\r\n\tat org.openqa.selenium.remote.codec.w3c.W3CHttpResponseCodec.decode(W3CHttpResponseCodec.java:52)\r\n\tat org.openqa.selenium.remote.HttpCommandExecutor.execute(HttpCommandExecutor.java:191)\r\n\tat org.openqa.selenium.remote.service.DriverCommandExecutor.invokeExecute(DriverCommandExecutor.java:196)\r\n\tat org.openqa.selenium.remote.service.DriverCommandExecutor.execute(DriverCommandExecutor.java:171)\r\n\tat org.openqa.selenium.remote.RemoteWebDriver.execute(RemoteWebDriver.java:518)\r\n\tat org.openqa.selenium.remote.RemoteWebElement.execute(RemoteWebElement.java:224)\r\n\tat org.openqa.selenium.remote.RemoteWebElement.click(RemoteWebElement.java:77)\r\n\tat Modules.BranchFields.uploadImage(BranchFields.java:49)\r\n\tat stepDefinitions.BranchModule.enter_the_all_credentials_like1(BranchModule.java:144)\r\n\tat ✽.Enter the all credentials like \"afdd\" \"gds231\" \"fda@gamil.com\" \"89900\" \"78789\" \"12345\" \"iuhj\" \"jbnn\" \"jhjk\" \"bnkm\" \"76778\" \"76889\"(file:///C:/Users/dinesh/eclipse-workspace/Colleges/src/test/java/features/College1_Branch.feature:33)\r\n"},"stage":"finished","steps":[],"attachments":[],"parameters":[],"start":1713792221732,"stop":1713792222076},{"name":"hooks.SetUpAndTearDown.addScreenShot(io.cucumber.java.Scenario)","status":"passed","statusDetails":{"known":false,"muted":false,"flaky":false},"stage":"finished","steps":[],"attachments":[{"name":"image","source":"76c3578b-cb2c-4f54-889f-ac3f8a8b5ddd-attachment","type":"image/png"}],"parameters":[],"start":1713792222076,"stop":1713792222412},{"name":"And Check the count.","status":"skipped","statusDetails":{"known":false,"muted":false,"flaky":false},"stage":"finished","steps":[],"attachments":[],"parameters":[],"start":1713792222412,"stop":1713792222412},{"name":"hooks.SetUpAndTearDown.addScreenShot(io.cucumber.java.Scenario)","status":"skipped","statusDetails":{"known":false,"muted":false,"flaky":false},"stage":"finished","steps":[],"attachments":[],"parameters":[],"start":1713792222412,"stop":1713792222412}],"attachments":[],"parameters":[{"name":"branchName","value":"afdd"},{"name":"branchID","value":"gds231"},{"name":"email","value":"fda@gamil.com"},{"name":"landlineNumber","value":"89900"},{"name":"mobileNumber","value":"78789"},{"name":"password","value":"12345"},{"name":"conactPerson","value":"iuhj"},{"name":"address1","value":"jbnn"},{"name":"address2","value":"jhjk"},{"name":"area","value":"bnkm"},{"name":"pincode","value":"76778"},{"name":"cloud","value":"76889"}],"start":1713792206468,"stop":1713792222785}