{"uuid":"95deace8-3607-439d-9744-7ab9e122ddaa","historyId":"7cb3af3c6cc815e11d950e7e16c1c908","testCaseId":"1bc3ed92bb280c58b3c1ef0d5d1e9a39","fullName":"src/test/java/features/College9_Announcement.feature:6","labels":[{"name":"host","value":"DineshManoharan"},{"name":"thread","value":"29068@DineshManoharan.main(1)"},{"name":"feature","value":"College - Announcement Module"},{"name":"story","value":"Positive Scenario in Announcement Module"},{"name":"suite","value":"College - Announcement Module"},{"name":"testClass","value":"Positive Scenario in Announcement Module"},{"name":"framework","value":"cucumber4jvm"},{"name":"language","value":"java"},{"name":"gherkin_uri","value":"file:///C:/Users/dinesh/eclipse-workspace/Colleges/src/test/java/features/College9_Announcement.feature"},{"name":"package","value":"src.test.java.features.College9_Announcement_feature.College - Announcement Module"}],"links":[],"name":"Positive Scenario in Announcement Module","status":"broken","statusDetails":{"known":false,"muted":false,"flaky":false,"message":"element click intercepted: Element <button class=\"MuiButtonBase-root Mui-disabled MuiPickersDay-root Mui-disabled MuiPickersDay-dayWithMargin css-6exafu\" tabindex=\"-1\" type=\"button\" disabled=\"\" role=\"gridcell\" data-timestamp=\"1713378600000\" aria-colindex=\"5\" aria-selected=\"false\">...</button> is not clickable at point (1086, 525). Other element would receive the click: <div role=\"row\" class=\"MuiDayCalendar-weekContainer css-mvmu1r\" aria-rowindex=\"3\">...</div>\n  (Session info: chrome=124.0.6367.61)\nBuild info: version: '4.11.0', revision: '040bc5406b'\nSystem info: os.name: 'Windows 11', os.arch: 'amd64', os.version: '10.0', java.version: '19.0.1'\nDriver info: org.openqa.selenium.chrome.ChromeDriver\nCommand: [34732c34b9bee2bb8a68eb225747be06, clickElement {id=f.547230019A8CF5306C4F16C37D064514.d.2B848704C85E8DBE2DBC42D1A4223B33.e.128}]\nCapabilities {acceptInsecureCerts: false, browserName: chrome, browserVersion: 124.0.6367.61, chrome: {chromedriverVersion: 124.0.6367.60 (8771130bd84f..., userDataDir: C:\\Users\\dinesh\\AppData\\Loc...}, fedcm:accounts: true, goog:chromeOptions: {debuggerAddress: localhost:53588}, networkConnectionEnabled: false, pageLoadStrategy: normal, platformName: windows, proxy: Proxy(), se:cdp: ws://localhost:53588/devtoo..., se:cdpVersion: 124.0.6367.61, setWindowRect: true, strictFileInteractability: false, timeouts: {implicit: 0, pageLoad: 300000, script: 30000}, unhandledPromptBehavior: dismiss and notify, webauthn:extension:credBlob: true, webauthn:extension:largeBlob: true, webauthn:extension:minPinLength: true, webauthn:extension:prf: true, webauthn:virtualAuthenticators: true}\nElement: [[ChromeDriver: chrome on windows (34732c34b9bee2bb8a68eb225747be06)] -> xpath: /html/body/div[2]/div[2]/div/div/div/div[2]/div/div/div[2]/div/div[3]/button[5]]\nSession ID: 34732c34b9bee2bb8a68eb225747be06","trace":"org.openqa.selenium.ElementClickInterceptedException: element click intercepted: Element <button class=\"MuiButtonBase-root Mui-disabled MuiPickersDay-root Mui-disabled MuiPickersDay-dayWithMargin css-6exafu\" tabindex=\"-1\" type=\"button\" disabled=\"\" role=\"gridcell\" data-timestamp=\"1713378600000\" aria-colindex=\"5\" aria-selected=\"false\">...</button> is not clickable at point (1086, 525). Other element would receive the click: <div role=\"row\" class=\"MuiDayCalendar-weekContainer css-mvmu1r\" aria-rowindex=\"3\">...</div>\n  (Session info: chrome=124.0.6367.61)\nBuild info: version: '4.11.0', revision: '040bc5406b'\nSystem info: os.name: 'Windows 11', os.arch: 'amd64', os.version: '10.0', java.version: '19.0.1'\nDriver info: org.openqa.selenium.chrome.ChromeDriver\nCommand: [34732c34b9bee2bb8a68eb225747be06, clickElement {id=f.547230019A8CF5306C4F16C37D064514.d.2B848704C85E8DBE2DBC42D1A4223B33.e.128}]\nCapabilities {acceptInsecureCerts: false, browserName: chrome, browserVersion: 124.0.6367.61, chrome: {chromedriverVersion: 124.0.6367.60 (8771130bd84f..., userDataDir: C:\\Users\\dinesh\\AppData\\Loc...}, fedcm:accounts: true, goog:chromeOptions: {debuggerAddress: localhost:53588}, networkConnectionEnabled: false, pageLoadStrategy: normal, platformName: windows, proxy: Proxy(), se:cdp: ws://localhost:53588/devtoo..., se:cdpVersion: 124.0.6367.61, setWindowRect: true, strictFileInteractability: false, timeouts: {implicit: 0, pageLoad: 300000, script: 30000}, unhandledPromptBehavior: dismiss and notify, webauthn:extension:credBlob: true, webauthn:extension:largeBlob: true, webauthn:extension:minPinLength: true, webauthn:extension:prf: true, webauthn:virtualAuthenticators: true}\nElement: [[ChromeDriver: chrome on windows (34732c34b9bee2bb8a68eb225747be06)] -> xpath: /html/body/div[2]/div[2]/div/div/div/div[2]/div/div/div[2]/div/div[3]/button[5]]\nSession ID: 34732c34b9bee2bb8a68eb225747be06\r\n\tat java.base/jdk.internal.reflect.DirectConstructorHandleAccessor.newInstance(DirectConstructorHandleAccessor.java:67)\r\n\tat java.base/java.lang.reflect.Constructor.newInstanceWithCaller(Constructor.java:500)\r\n\tat java.base/java.lang.reflect.Constructor.newInstance(Constructor.java:484)\r\n\tat org.openqa.selenium.remote.codec.w3c.W3CHttpResponseCodec.createException(W3CHttpResponseCodec.java:200)\r\n\tat org.openqa.selenium.remote.codec.w3c.W3CHttpResponseCodec.decode(W3CHttpResponseCodec.java:133)\r\n\tat org.openqa.selenium.remote.codec.w3c.W3CHttpResponseCodec.decode(W3CHttpResponseCodec.java:52)\r\n\tat org.openqa.selenium.remote.HttpCommandExecutor.execute(HttpCommandExecutor.java:191)\r\n\tat org.openqa.selenium.remote.service.DriverCommandExecutor.invokeExecute(DriverCommandExecutor.java:196)\r\n\tat org.openqa.selenium.remote.service.DriverCommandExecutor.execute(DriverCommandExecutor.java:171)\r\n\tat org.openqa.selenium.remote.RemoteWebDriver.execute(RemoteWebDriver.java:518)\r\n\tat org.openqa.selenium.remote.RemoteWebElement.execute(RemoteWebElement.java:224)\r\n\tat org.openqa.selenium.remote.RemoteWebElement.click(RemoteWebElement.java:77)\r\n\tat stepDefinitions.AnnouncementModule.user_enter_the_all_credentials(AnnouncementModule.java:53)\r\n\tat ✽.User enter the all credentials(file:///C:/Users/dinesh/eclipse-workspace/Colleges/src/test/java/features/College9_Announcement.feature:8)\r\n"},"stage":"finished","steps":[{"name":"Given User click the announcement button","status":"passed","statusDetails":{"known":false,"muted":false,"flaky":false},"stage":"finished","steps":[],"attachments":[],"parameters":[],"start":1713792920575,"stop":1713792921319},{"name":"hooks.SetUpAndTearDown.addScreenShot(io.cucumber.java.Scenario)","status":"passed","statusDetails":{"known":false,"muted":false,"flaky":false},"stage":"finished","steps":[],"attachments":[],"parameters":[],"start":1713792921319,"stop":1713792921319},{"name":"Given User click the add announcement","status":"passed","statusDetails":{"known":false,"muted":false,"flaky":false},"stage":"finished","steps":[],"attachments":[],"parameters":[],"start":1713792921319,"stop":1713792921556},{"name":"hooks.SetUpAndTearDown.addScreenShot(io.cucumber.java.Scenario)","status":"passed","statusDetails":{"known":false,"muted":false,"flaky":false},"stage":"finished","steps":[],"attachments":[],"parameters":[],"start":1713792921557,"stop":1713792921557},{"name":"When User enter the all credentials","status":"broken","statusDetails":{"known":false,"muted":false,"flaky":false,"message":"element click intercepted: Element <button class=\"MuiButtonBase-root Mui-disabled MuiPickersDay-root Mui-disabled MuiPickersDay-dayWithMargin css-6exafu\" tabindex=\"-1\" type=\"button\" disabled=\"\" role=\"gridcell\" data-timestamp=\"1713378600000\" aria-colindex=\"5\" aria-selected=\"false\">...</button> is not clickable at point (1086, 525). Other element would receive the click: <div role=\"row\" class=\"MuiDayCalendar-weekContainer css-mvmu1r\" aria-rowindex=\"3\">...</div>\n  (Session info: chrome=124.0.6367.61)\nBuild info: version: '4.11.0', revision: '040bc5406b'\nSystem info: os.name: 'Windows 11', os.arch: 'amd64', os.version: '10.0', java.version: '19.0.1'\nDriver info: org.openqa.selenium.chrome.ChromeDriver\nCommand: [34732c34b9bee2bb8a68eb225747be06, clickElement {id=f.547230019A8CF5306C4F16C37D064514.d.2B848704C85E8DBE2DBC42D1A4223B33.e.128}]\nCapabilities {acceptInsecureCerts: false, browserName: chrome, browserVersion: 124.0.6367.61, chrome: {chromedriverVersion: 124.0.6367.60 (8771130bd84f..., userDataDir: C:\\Users\\dinesh\\AppData\\Loc...}, fedcm:accounts: true, goog:chromeOptions: {debuggerAddress: localhost:53588}, networkConnectionEnabled: false, pageLoadStrategy: normal, platformName: windows, proxy: Proxy(), se:cdp: ws://localhost:53588/devtoo..., se:cdpVersion: 124.0.6367.61, setWindowRect: true, strictFileInteractability: false, timeouts: {implicit: 0, pageLoad: 300000, script: 30000}, unhandledPromptBehavior: dismiss and notify, webauthn:extension:credBlob: true, webauthn:extension:largeBlob: true, webauthn:extension:minPinLength: true, webauthn:extension:prf: true, webauthn:virtualAuthenticators: true}\nElement: [[ChromeDriver: chrome on windows (34732c34b9bee2bb8a68eb225747be06)] -> xpath: /html/body/div[2]/div[2]/div/div/div/div[2]/div/div/div[2]/div/div[3]/button[5]]\nSession ID: 34732c34b9bee2bb8a68eb225747be06","trace":"org.openqa.selenium.ElementClickInterceptedException: element click intercepted: Element <button class=\"MuiButtonBase-root Mui-disabled MuiPickersDay-root Mui-disabled MuiPickersDay-dayWithMargin css-6exafu\" tabindex=\"-1\" type=\"button\" disabled=\"\" role=\"gridcell\" data-timestamp=\"1713378600000\" aria-colindex=\"5\" aria-selected=\"false\">...</button> is not clickable at point (1086, 525). Other element would receive the click: <div role=\"row\" class=\"MuiDayCalendar-weekContainer css-mvmu1r\" aria-rowindex=\"3\">...</div>\n  (Session info: chrome=124.0.6367.61)\nBuild info: version: '4.11.0', revision: '040bc5406b'\nSystem info: os.name: 'Windows 11', os.arch: 'amd64', os.version: '10.0', java.version: '19.0.1'\nDriver info: org.openqa.selenium.chrome.ChromeDriver\nCommand: [34732c34b9bee2bb8a68eb225747be06, clickElement {id=f.547230019A8CF5306C4F16C37D064514.d.2B848704C85E8DBE2DBC42D1A4223B33.e.128}]\nCapabilities {acceptInsecureCerts: false, browserName: chrome, browserVersion: 124.0.6367.61, chrome: {chromedriverVersion: 124.0.6367.60 (8771130bd84f..., userDataDir: C:\\Users\\dinesh\\AppData\\Loc...}, fedcm:accounts: true, goog:chromeOptions: {debuggerAddress: localhost:53588}, networkConnectionEnabled: false, pageLoadStrategy: normal, platformName: windows, proxy: Proxy(), se:cdp: ws://localhost:53588/devtoo..., se:cdpVersion: 124.0.6367.61, setWindowRect: true, strictFileInteractability: false, timeouts: {implicit: 0, pageLoad: 300000, script: 30000}, unhandledPromptBehavior: dismiss and notify, webauthn:extension:credBlob: true, webauthn:extension:largeBlob: true, webauthn:extension:minPinLength: true, webauthn:extension:prf: true, webauthn:virtualAuthenticators: true}\nElement: [[ChromeDriver: chrome on windows (34732c34b9bee2bb8a68eb225747be06)] -> xpath: /html/body/div[2]/div[2]/div/div/div/div[2]/div/div/div[2]/div/div[3]/button[5]]\nSession ID: 34732c34b9bee2bb8a68eb225747be06\r\n\tat java.base/jdk.internal.reflect.DirectConstructorHandleAccessor.newInstance(DirectConstructorHandleAccessor.java:67)\r\n\tat java.base/java.lang.reflect.Constructor.newInstanceWithCaller(Constructor.java:500)\r\n\tat java.base/java.lang.reflect.Constructor.newInstance(Constructor.java:484)\r\n\tat org.openqa.selenium.remote.codec.w3c.W3CHttpResponseCodec.createException(W3CHttpResponseCodec.java:200)\r\n\tat org.openqa.selenium.remote.codec.w3c.W3CHttpResponseCodec.decode(W3CHttpResponseCodec.java:133)\r\n\tat org.openqa.selenium.remote.codec.w3c.W3CHttpResponseCodec.decode(W3CHttpResponseCodec.java:52)\r\n\tat org.openqa.selenium.remote.HttpCommandExecutor.execute(HttpCommandExecutor.java:191)\r\n\tat org.openqa.selenium.remote.service.DriverCommandExecutor.invokeExecute(DriverCommandExecutor.java:196)\r\n\tat org.openqa.selenium.remote.service.DriverCommandExecutor.execute(DriverCommandExecutor.java:171)\r\n\tat org.openqa.selenium.remote.RemoteWebDriver.execute(RemoteWebDriver.java:518)\r\n\tat org.openqa.selenium.remote.RemoteWebElement.execute(RemoteWebElement.java:224)\r\n\tat org.openqa.selenium.remote.RemoteWebElement.click(RemoteWebElement.java:77)\r\n\tat stepDefinitions.AnnouncementModule.user_enter_the_all_credentials(AnnouncementModule.java:53)\r\n\tat ✽.User enter the all credentials(file:///C:/Users/dinesh/eclipse-workspace/Colleges/src/test/java/features/College9_Announcement.feature:8)\r\n"},"stage":"finished","steps":[],"attachments":[],"parameters":[],"start":1713792921557,"stop":1713792925594},{"name":"hooks.SetUpAndTearDown.addScreenShot(io.cucumber.java.Scenario)","status":"passed","statusDetails":{"known":false,"muted":false,"flaky":false},"stage":"finished","steps":[],"attachments":[{"name":"image","source":"0d604a96-9594-474b-8f68-f755e3ac2087-attachment","type":"image/png"}],"parameters":[],"start":1713792925594,"stop":1713792925862},{"name":"Then Click the submit button in announcement","status":"skipped","statusDetails":{"known":false,"muted":false,"flaky":false},"stage":"finished","steps":[],"attachments":[],"parameters":[],"start":1713792925863,"stop":1713792925863},{"name":"hooks.SetUpAndTearDown.addScreenShot(io.cucumber.java.Scenario)","status":"skipped","statusDetails":{"known":false,"muted":false,"flaky":false},"stage":"finished","steps":[],"attachments":[],"parameters":[],"start":1713792925863,"stop":1713792925863},{"name":"And Check the data is present or not in announcement module","status":"skipped","statusDetails":{"known":false,"muted":false,"flaky":false},"stage":"finished","steps":[],"attachments":[],"parameters":[],"start":1713792925863,"stop":1713792925863},{"name":"hooks.SetUpAndTearDown.addScreenShot(io.cucumber.java.Scenario)","status":"skipped","statusDetails":{"known":false,"muted":false,"flaky":false},"stage":"finished","steps":[],"attachments":[],"parameters":[],"start":1713792925863,"stop":1713792925863}],"attachments":[],"parameters":[],"start":1713792917521,"stop":1713792926330}