{"uuid":"f8540b95-72aa-4beb-95c6-d8cefc752eec","historyId":"9dcbb64d97d0592ba166df288a5bb2e1","testCaseId":"8606a6e026068a54098573a74a401870","fullName":"src/test/java/features/College1_Branch.feature:38","labels":[{"name":"host","value":"DineshManoharan"},{"name":"thread","value":"47800@DineshManoharan.main(1)"},{"name":"feature","value":"Branch Module"},{"name":"story","value":"Positive Scenario - Add two data simutaneously by using submit and add button."},{"name":"suite","value":"Branch Module"},{"name":"testClass","value":"Positive Scenario - Add two data simutaneously by using submit and add button."},{"name":"framework","value":"cucumber4jvm"},{"name":"language","value":"java"},{"name":"gherkin_uri","value":"file:///C:/Users/dinesh/eclipse-workspace/Colleges/src/test/java/features/College1_Branch.feature"},{"name":"package","value":"src.test.java.features.College1_Branch_feature.Branch Module"}],"links":[],"name":"Positive Scenario - Add two data simutaneously by using submit and add button.","status":"broken","statusDetails":{"known":false,"muted":false,"flaky":false,"message":"stale element reference: stale element not found in the current frame\n  (Session info: chrome=123.0.6312.123)\nFor documentation on this error, please visit: https://www.selenium.dev/documentation/webdriver/troubleshooting/errors#stale-element-reference-exception\nBuild info: version: '4.11.0', revision: '040bc5406b'\nSystem info: os.name: 'Windows 11', os.arch: 'amd64', os.version: '10.0', java.version: '19.0.1'\nDriver info: org.openqa.selenium.chrome.ChromeDriver\nCommand: [5718ee6c344a83494705b3449feeddb5, clickElement {id=f.3E6D54F020B5CC5CFA977AB037BA663A.d.8B82C2D9E67BB0A8CE3C3465D2EED3FC.e.85}]\nCapabilities {acceptInsecureCerts: false, browserName: chrome, browserVersion: 123.0.6312.123, chrome: {chromedriverVersion: 123.0.6312.122 (31f8248cdd9..., userDataDir: C:\\Users\\dinesh\\AppData\\Loc...}, fedcm:accounts: true, goog:chromeOptions: {debuggerAddress: localhost:62808}, networkConnectionEnabled: false, pageLoadStrategy: normal, platformName: windows, proxy: Proxy(), se:cdp: ws://localhost:62808/devtoo..., se:cdpVersion: 123.0.6312.123, setWindowRect: true, strictFileInteractability: false, timeouts: {implicit: 0, pageLoad: 300000, script: 30000}, unhandledPromptBehavior: dismiss and notify, webauthn:extension:credBlob: true, webauthn:extension:largeBlob: true, webauthn:extension:minPinLength: true, webauthn:extension:prf: true, webauthn:virtualAuthenticators: true}\nElement: [[ChromeDriver: chrome on windows (5718ee6c344a83494705b3449feeddb5)] -> xpath: /html/body/div/div/div[1]/div[2]/div[2]/div/form/div[1]/label/span/div]\nSession ID: 5718ee6c344a83494705b3449feeddb5","trace":"org.openqa.selenium.StaleElementReferenceException: stale element reference: stale element not found in the current frame\n  (Session info: chrome=123.0.6312.123)\nFor documentation on this error, please visit: https://www.selenium.dev/documentation/webdriver/troubleshooting/errors#stale-element-reference-exception\nBuild info: version: '4.11.0', revision: '040bc5406b'\nSystem info: os.name: 'Windows 11', os.arch: 'amd64', os.version: '10.0', java.version: '19.0.1'\nDriver info: org.openqa.selenium.chrome.ChromeDriver\nCommand: [5718ee6c344a83494705b3449feeddb5, clickElement {id=f.3E6D54F020B5CC5CFA977AB037BA663A.d.8B82C2D9E67BB0A8CE3C3465D2EED3FC.e.85}]\nCapabilities {acceptInsecureCerts: false, browserName: chrome, browserVersion: 123.0.6312.123, chrome: {chromedriverVersion: 123.0.6312.122 (31f8248cdd9..., userDataDir: C:\\Users\\dinesh\\AppData\\Loc...}, fedcm:accounts: true, goog:chromeOptions: {debuggerAddress: localhost:62808}, networkConnectionEnabled: false, pageLoadStrategy: normal, platformName: windows, proxy: Proxy(), se:cdp: ws://localhost:62808/devtoo..., se:cdpVersion: 123.0.6312.123, setWindowRect: true, strictFileInteractability: false, timeouts: {implicit: 0, pageLoad: 300000, script: 30000}, unhandledPromptBehavior: dismiss and notify, webauthn:extension:credBlob: true, webauthn:extension:largeBlob: true, webauthn:extension:minPinLength: true, webauthn:extension:prf: true, webauthn:virtualAuthenticators: true}\nElement: [[ChromeDriver: chrome on windows (5718ee6c344a83494705b3449feeddb5)] -> xpath: /html/body/div/div/div[1]/div[2]/div[2]/div/form/div[1]/label/span/div]\nSession ID: 5718ee6c344a83494705b3449feeddb5\r\n\tat java.base/jdk.internal.reflect.DirectConstructorHandleAccessor.newInstance(DirectConstructorHandleAccessor.java:67)\r\n\tat java.base/java.lang.reflect.Constructor.newInstanceWithCaller(Constructor.java:500)\r\n\tat java.base/java.lang.reflect.Constructor.newInstance(Constructor.java:484)\r\n\tat org.openqa.selenium.remote.codec.w3c.W3CHttpResponseCodec.createException(W3CHttpResponseCodec.java:200)\r\n\tat org.openqa.selenium.remote.codec.w3c.W3CHttpResponseCodec.decode(W3CHttpResponseCodec.java:133)\r\n\tat org.openqa.selenium.remote.codec.w3c.W3CHttpResponseCodec.decode(W3CHttpResponseCodec.java:52)\r\n\tat org.openqa.selenium.remote.HttpCommandExecutor.execute(HttpCommandExecutor.java:191)\r\n\tat org.openqa.selenium.remote.service.DriverCommandExecutor.invokeExecute(DriverCommandExecutor.java:196)\r\n\tat org.openqa.selenium.remote.service.DriverCommandExecutor.execute(DriverCommandExecutor.java:171)\r\n\tat org.openqa.selenium.remote.RemoteWebDriver.execute(RemoteWebDriver.java:518)\r\n\tat org.openqa.selenium.remote.RemoteWebElement.execute(RemoteWebElement.java:224)\r\n\tat org.openqa.selenium.remote.RemoteWebElement.click(RemoteWebElement.java:77)\r\n\tat Modules.BranchFields.uploadImage(BranchFields.java:49)\r\n\tat stepDefinitions.BranchModule.enter_the_all_credentials_like1(BranchModule.java:144)\r\n\tat ✽.Enter the all credentials like \"dsds\" \"faa1411\" \"fa@gamil.com\" \"243131\" \"4352\" \"12345\" \"dfbdbd\" \"fdsfbdfs\" \"iokhjkj\" \"hghvbjj\" \"789\" \"0998\"(file:///C:/Users/dinesh/eclipse-workspace/Colleges/src/test/java/features/College1_Branch.feature:33)\r\n"},"stage":"finished","steps":[{"name":"Given Once user enter the homepage click the branch menu.","status":"passed","statusDetails":{"known":false,"muted":false,"flaky":false},"stage":"finished","steps":[],"attachments":[],"parameters":[],"start":1713263092073,"stop":1713263092691},{"name":"hooks.SetUpAndTearDown.addScreenShot(io.cucumber.java.Scenario)","status":"passed","statusDetails":{"known":false,"muted":false,"flaky":false},"stage":"finished","steps":[],"attachments":[],"parameters":[],"start":1713263092692,"stop":1713263092692},{"name":"Given Click the add branch icon.","status":"passed","statusDetails":{"known":false,"muted":false,"flaky":false},"stage":"finished","steps":[],"attachments":[],"parameters":[],"start":1713263092692,"stop":1713263092867},{"name":"hooks.SetUpAndTearDown.addScreenShot(io.cucumber.java.Scenario)","status":"passed","statusDetails":{"known":false,"muted":false,"flaky":false},"stage":"finished","steps":[],"attachments":[],"parameters":[],"start":1713263092867,"stop":1713263092867},{"name":"When Enter the all credentials like \"dsds\" \"faa1411\" \"fa@gamil.com\" \"243131\" \"4352\" \"12345\" \"dfbdbd\" \"fdsfbdfs\" \"iokhjkj\" \"hghvbjj\" \"789\" \"0998\"","status":"passed","statusDetails":{"known":false,"muted":false,"flaky":false},"stage":"finished","steps":[],"attachments":[],"parameters":[],"start":1713263092867,"stop":1713263103962},{"name":"hooks.SetUpAndTearDown.addScreenShot(io.cucumber.java.Scenario)","status":"passed","statusDetails":{"known":false,"muted":false,"flaky":false},"stage":"finished","steps":[],"attachments":[],"parameters":[],"start":1713263103962,"stop":1713263103962},{"name":"And click submit and add icon","status":"passed","statusDetails":{"known":false,"muted":false,"flaky":false},"stage":"finished","steps":[],"attachments":[],"parameters":[],"start":1713263103962,"stop":1713263104071},{"name":"hooks.SetUpAndTearDown.addScreenShot(io.cucumber.java.Scenario)","status":"passed","statusDetails":{"known":false,"muted":false,"flaky":false},"stage":"finished","steps":[],"attachments":[],"parameters":[],"start":1713263104071,"stop":1713263104071},{"name":"Then Enter the all credentials like \"dsds\" \"faa1411\" \"fa@gamil.com\" \"243131\" \"4352\" \"12345\" \"dfbdbd\" \"fdsfbdfs\" \"iokhjkj\" \"hghvbjj\" \"789\" \"0998\"","status":"broken","statusDetails":{"known":false,"muted":false,"flaky":false,"message":"stale element reference: stale element not found in the current frame\n  (Session info: chrome=123.0.6312.123)\nFor documentation on this error, please visit: https://www.selenium.dev/documentation/webdriver/troubleshooting/errors#stale-element-reference-exception\nBuild info: version: '4.11.0', revision: '040bc5406b'\nSystem info: os.name: 'Windows 11', os.arch: 'amd64', os.version: '10.0', java.version: '19.0.1'\nDriver info: org.openqa.selenium.chrome.ChromeDriver\nCommand: [5718ee6c344a83494705b3449feeddb5, clickElement {id=f.3E6D54F020B5CC5CFA977AB037BA663A.d.8B82C2D9E67BB0A8CE3C3465D2EED3FC.e.85}]\nCapabilities {acceptInsecureCerts: false, browserName: chrome, browserVersion: 123.0.6312.123, chrome: {chromedriverVersion: 123.0.6312.122 (31f8248cdd9..., userDataDir: C:\\Users\\dinesh\\AppData\\Loc...}, fedcm:accounts: true, goog:chromeOptions: {debuggerAddress: localhost:62808}, networkConnectionEnabled: false, pageLoadStrategy: normal, platformName: windows, proxy: Proxy(), se:cdp: ws://localhost:62808/devtoo..., se:cdpVersion: 123.0.6312.123, setWindowRect: true, strictFileInteractability: false, timeouts: {implicit: 0, pageLoad: 300000, script: 30000}, unhandledPromptBehavior: dismiss and notify, webauthn:extension:credBlob: true, webauthn:extension:largeBlob: true, webauthn:extension:minPinLength: true, webauthn:extension:prf: true, webauthn:virtualAuthenticators: true}\nElement: [[ChromeDriver: chrome on windows (5718ee6c344a83494705b3449feeddb5)] -> xpath: /html/body/div/div/div[1]/div[2]/div[2]/div/form/div[1]/label/span/div]\nSession ID: 5718ee6c344a83494705b3449feeddb5","trace":"org.openqa.selenium.StaleElementReferenceException: stale element reference: stale element not found in the current frame\n  (Session info: chrome=123.0.6312.123)\nFor documentation on this error, please visit: https://www.selenium.dev/documentation/webdriver/troubleshooting/errors#stale-element-reference-exception\nBuild info: version: '4.11.0', revision: '040bc5406b'\nSystem info: os.name: 'Windows 11', os.arch: 'amd64', os.version: '10.0', java.version: '19.0.1'\nDriver info: org.openqa.selenium.chrome.ChromeDriver\nCommand: [5718ee6c344a83494705b3449feeddb5, clickElement {id=f.3E6D54F020B5CC5CFA977AB037BA663A.d.8B82C2D9E67BB0A8CE3C3465D2EED3FC.e.85}]\nCapabilities {acceptInsecureCerts: false, browserName: chrome, browserVersion: 123.0.6312.123, chrome: {chromedriverVersion: 123.0.6312.122 (31f8248cdd9..., userDataDir: C:\\Users\\dinesh\\AppData\\Loc...}, fedcm:accounts: true, goog:chromeOptions: {debuggerAddress: localhost:62808}, networkConnectionEnabled: false, pageLoadStrategy: normal, platformName: windows, proxy: Proxy(), se:cdp: ws://localhost:62808/devtoo..., se:cdpVersion: 123.0.6312.123, setWindowRect: true, strictFileInteractability: false, timeouts: {implicit: 0, pageLoad: 300000, script: 30000}, unhandledPromptBehavior: dismiss and notify, webauthn:extension:credBlob: true, webauthn:extension:largeBlob: true, webauthn:extension:minPinLength: true, webauthn:extension:prf: true, webauthn:virtualAuthenticators: true}\nElement: [[ChromeDriver: chrome on windows (5718ee6c344a83494705b3449feeddb5)] -> xpath: /html/body/div/div/div[1]/div[2]/div[2]/div/form/div[1]/label/span/div]\nSession ID: 5718ee6c344a83494705b3449feeddb5\r\n\tat java.base/jdk.internal.reflect.DirectConstructorHandleAccessor.newInstance(DirectConstructorHandleAccessor.java:67)\r\n\tat java.base/java.lang.reflect.Constructor.newInstanceWithCaller(Constructor.java:500)\r\n\tat java.base/java.lang.reflect.Constructor.newInstance(Constructor.java:484)\r\n\tat org.openqa.selenium.remote.codec.w3c.W3CHttpResponseCodec.createException(W3CHttpResponseCodec.java:200)\r\n\tat org.openqa.selenium.remote.codec.w3c.W3CHttpResponseCodec.decode(W3CHttpResponseCodec.java:133)\r\n\tat org.openqa.selenium.remote.codec.w3c.W3CHttpResponseCodec.decode(W3CHttpResponseCodec.java:52)\r\n\tat org.openqa.selenium.remote.HttpCommandExecutor.execute(HttpCommandExecutor.java:191)\r\n\tat org.openqa.selenium.remote.service.DriverCommandExecutor.invokeExecute(DriverCommandExecutor.java:196)\r\n\tat org.openqa.selenium.remote.service.DriverCommandExecutor.execute(DriverCommandExecutor.java:171)\r\n\tat org.openqa.selenium.remote.RemoteWebDriver.execute(RemoteWebDriver.java:518)\r\n\tat org.openqa.selenium.remote.RemoteWebElement.execute(RemoteWebElement.java:224)\r\n\tat org.openqa.selenium.remote.RemoteWebElement.click(RemoteWebElement.java:77)\r\n\tat Modules.BranchFields.uploadImage(BranchFields.java:49)\r\n\tat stepDefinitions.BranchModule.enter_the_all_credentials_like1(BranchModule.java:144)\r\n\tat ✽.Enter the all credentials like \"dsds\" \"faa1411\" \"fa@gamil.com\" \"243131\" \"4352\" \"12345\" \"dfbdbd\" \"fdsfbdfs\" \"iokhjkj\" \"hghvbjj\" \"789\" \"0998\"(file:///C:/Users/dinesh/eclipse-workspace/Colleges/src/test/java/features/College1_Branch.feature:33)\r\n"},"stage":"finished","steps":[],"attachments":[],"parameters":[],"start":1713263104071,"stop":1713263104396},{"name":"hooks.SetUpAndTearDown.addScreenShot(io.cucumber.java.Scenario)","status":"passed","statusDetails":{"known":false,"muted":false,"flaky":false},"stage":"finished","steps":[],"attachments":[{"name":"image","source":"c7ea0f85-87b4-4f3e-b2dd-8758023ac3ea-attachment","type":"image/png"}],"parameters":[],"start":1713263104396,"stop":1713263104745},{"name":"And Check the count.","status":"skipped","statusDetails":{"known":false,"muted":false,"flaky":false},"stage":"finished","steps":[],"attachments":[],"parameters":[],"start":1713263104745,"stop":1713263104745},{"name":"hooks.SetUpAndTearDown.addScreenShot(io.cucumber.java.Scenario)","status":"skipped","statusDetails":{"known":false,"muted":false,"flaky":false},"stage":"finished","steps":[],"attachments":[],"parameters":[],"start":1713263104745,"stop":1713263104745}],"attachments":[],"parameters":[{"name":"branchName","value":"dsds"},{"name":"branchID","value":"faa1411"},{"name":"email","value":"fa@gamil.com"},{"name":"landlineNumber","value":"243131"},{"name":"mobileNumber","value":"4352"},{"name":"password","value":"12345"},{"name":"conactPerson","value":"dfbdbd"},{"name":"address1","value":"fdsfbdfs"},{"name":"address2","value":"iokhjkj"},{"name":"area","value":"hghvbjj"},{"name":"pincode","value":"789"},{"name":"cloud","value":"0998"}],"start":1713263089677,"stop":1713263105014}